Usage:
  peer [command]

Available Commands:
  chaincode   Operate a chaincode: install|instantiate|invoke|package|query|signpackage|upgrade|list.
  channel     Operate a channel: create|fetch|join|joinbysnapshot|joinbysnapshotstatus|list|update|signconfigtx|getinfo.
  completion  Generate the autocompletion script for the specified shell
  help        Help about any command
  lifecycle   Perform _lifecycle operations
  node        Operate a peer node: start|reset|rollback|pause|resume|rebuild-dbs|unjoin|upgrade-dbs.
  snapshot    Manage snapshot requests: submitrequest|cancelrequest|listpending
  version     Print fabric peer version.

Flags:
  -h, --help   help for peer

Use "peer [command] --help" for more information about a command.
installation checked
[0;34mUsing docker and docker-compose[0m
[0;34mCreating channel 'mychannel'.[0m
[0;34mIf network is not up, starting nodes with CLI timeout of '5' tries and CLI delay of '3' seconds and using database 'leveldb [0m
[0;34mBringing up network[0m
[0;34mLOCAL_VERSION=v2.5.11[0m
[0;34mDOCKER_IMAGE_VERSION=v2.5.1[0m
[1;33mLocal fabric binaries and docker images are out of sync. This may cause problems.[0m
time="2025-02-24T17:25:14+09:00" level=warning msg="/Users/sjkim/project/did-orchestrator-server/shells/Fabric/fabric-samples/test-network/compose/compose-test-net.yaml: the attribute `version` is obsolete, it will be ignored, please remove it to avoid potential confusion"
time="2025-02-24T17:25:14+09:00" level=warning msg="/Users/sjkim/project/did-orchestrator-server/shells/Fabric/fabric-samples/test-network/compose/docker/docker-compose-test-net.yaml: the attribute `version` is obsolete, it will be ignored, please remove it to avoid potential confusion"
time="2025-02-24T17:25:15+09:00" level=warning msg="Found orphan containers ([couchdb1 couchdb0]) for this project. If you removed or renamed this service in your compose file, you can run this command with the --remove-orphans flag to clean it up."
 Container peer0.org1.example.com  Recreate
 Container orderer.example.com  Recreate
 Container peer0.org2.example.com  Recreate
 Container peer0.org1.example.com  Recreated
 Container orderer.example.com  Recreated
 Container peer0.org2.example.com  Recreated
 Container peer0.org1.example.com  Starting
 Container orderer.example.com  Starting
 Container peer0.org2.example.com  Starting
 Container peer0.org1.example.com  Started
 Container orderer.example.com  Started
 Container peer0.org2.example.com  Started
CONTAINER ID   IMAGE                               COMMAND                   CREATED                  STATUS                   PORTS                                                                                                                             NAMES
80d1dbe62ac3   hyperledger/fabric-peer:latest      "peer node start"         Less than a second ago   Up Less than a second    0.0.0.0:9051->9051/tcp, :::9051->9051/tcp, 7051/tcp, 0.0.0.0:9445->9445/tcp, :::9445->9445/tcp                                    peer0.org2.example.com
ff2a48ccbcd5   hyperledger/fabric-peer:latest      "peer node start"         Less than a second ago   Up Less than a second    0.0.0.0:7051->7051/tcp, :::7051->7051/tcp, 0.0.0.0:9444->9444/tcp, :::9444->9444/tcp                                              peer0.org1.example.com
eedb6bba5053   hyperledger/fabric-orderer:latest   "orderer"                 Less than a second ago   Up Less than a second    0.0.0.0:7050->7050/tcp, :::7050->7050/tcp, 0.0.0.0:7053->7053/tcp, :::7053->7053/tcp, 0.0.0.0:9443->9443/tcp, :::9443->9443/tcp   orderer.example.com
8370aaa852cd   postgres:16.4                       "docker-entrypoint.s…"   2 hours ago              Exited (0) 2 hours ago                                                                                                                                     postgre-opendid
2639405ae46c   couchdb:3.3.3                       "tini -- /docker-ent…"   2 hours ago              Exited (0) 2 hours ago                                                                                                                                     couchdb1
940fc08315c0   couchdb:3.3.3                       "tini -- /docker-ent…"   2 hours ago              Exited (0) 2 hours ago                                                                                                                                     couchdb0
[0;34mUsing docker and docker-compose[0m
[0;34mGenerating channel genesis block 'mychannel.block'[0m
[0;34mUsing organization 1[0m
/Users/sjkim/project/did-orchestrator-server/shells/Fabric/fabric-samples/test-network/../bin/configtxgen
+ '[' 0 -eq 1 ']'
+ configtxgen -profile ChannelUsingRaft -outputBlock ./channel-artifacts/mychannel.block -channelID mychannel
[34m2025-02-24 17:25:15.603 KST 0001 INFO[0m [common.tools.configtxgen] [34;1mmain[0m -> Loading configuration
[34m2025-02-24 17:25:15.610 KST 0002 INFO[0m [common.tools.configtxgen.localconfig] [34;1mcompleteInitialization[0m -> orderer type: etcdraft
[34m2025-02-24 17:25:15.610 KST 0003 INFO[0m [common.tools.configtxgen.localconfig] [34;1mcompleteInitialization[0m -> Orderer.EtcdRaft.Options unset, setting to tick_interval:"500ms" election_tick:10 heartbeat_tick:1 max_inflight_blocks:5 snapshot_interval_size:16777216 
[34m2025-02-24 17:25:15.610 KST 0004 INFO[0m [common.tools.configtxgen.localconfig] [34;1mLoad[0m -> Loaded configuration: /Users/sjkim/project/did-orchestrator-server/shells/Fabric/fabric-samples/test-network/configtx/configtx.yaml
[34m2025-02-24 17:25:15.614 KST 0005 INFO[0m [common.tools.configtxgen] [34;1mdoOutputBlock[0m -> Generating genesis block
[34m2025-02-24 17:25:15.614 KST 0006 INFO[0m [common.tools.configtxgen] [34;1mdoOutputBlock[0m -> Creating application channel genesis block
[34m2025-02-24 17:25:15.614 KST 0007 INFO[0m [common.tools.configtxgen] [34;1mdoOutputBlock[0m -> Writing genesis block
+ res=0
[0;34mCreating channel mychannel[0m
[0;34mAdding orderers[0m
+ . scripts/orderer.sh mychannel
+ '[' 0 -eq 1 ']'
+ res=0
Committed chaincode definition for chaincode 'opendid' on channel 'mychannel':
Version: 1.0, Sequence: 1, Endorsement Plugin: escc, Validation Plugin: vscc, Approvals: [Org1MSP: true, Org2MSP: true]
Status: 405
{
	"error": "cannot join: channel already exists"
}

[0;32mChannel 'mychannel' created[0m
[0;34mJoining org1 peer to the channel...[0m
[0;34mUsing organization 1[0m
+ peer channel join -b ./channel-artifacts/mychannel.block
+ res=1
+ peer channel join -b ./channel-artifacts/mychannel.block
+ res=1
+ peer channel join -b ./channel-artifacts/mychannel.block
+ res=1
+ peer channel join -b ./channel-artifacts/mychannel.block
+ res=1
[34m2025-02-24 17:25:31.185 KST 0001 INFO[0m [channelCmd] [34;1mInitCmdFactory[0m -> Endorser and orderer connections initialized
Error: proposal failed (err: bad proposal response 500: cannot create ledger from genesis block: ledger [mychannel] already exists with state [ACTIVE])
[0;31mAfter 5 attempts, peer0.org1 has failed to join channel 'mychannel' [0m
[0;34mUsing docker and docker-compose[0m
[0;34mStarting nodes with CLI timeout of '5' tries and CLI delay of '3' seconds and using database 'couchdb' [0m
[0;34mLOCAL_VERSION=v2.5.11[0m
[0;34mDOCKER_IMAGE_VERSION=v2.5.1[0m
[1;33mLocal fabric binaries and docker images are out of sync. This may cause problems.[0m
[0;34mCA_LOCAL_VERSION=v1.5.13[0m
[0;34mCA_DOCKER_IMAGE_VERSION=v1.5.13[0m
time="2025-02-24T17:25:32+09:00" level=warning msg="/Users/sjkim/project/did-orchestrator-server/shells/Fabric/fabric-samples/test-network/compose/compose-test-net.yaml: the attribute `version` is obsolete, it will be ignored, please remove it to avoid potential confusion"
time="2025-02-24T17:25:32+09:00" level=warning msg="/Users/sjkim/project/did-orchestrator-server/shells/Fabric/fabric-samples/test-network/compose/docker/docker-compose-test-net.yaml: the attribute `version` is obsolete, it will be ignored, please remove it to avoid potential confusion"
time="2025-02-24T17:25:32+09:00" level=warning msg="/Users/sjkim/project/did-orchestrator-server/shells/Fabric/fabric-samples/test-network/compose/compose-couch.yaml: the attribute `version` is obsolete, it will be ignored, please remove it to avoid potential confusion"
time="2025-02-24T17:25:32+09:00" level=warning msg="/Users/sjkim/project/did-orchestrator-server/shells/Fabric/fabric-samples/test-network/compose/docker/docker-compose-couch.yaml: the attribute `version` is obsolete, it will be ignored, please remove it to avoid potential confusion"
 Container couchdb1  Created
 Container orderer.example.com  Running
 Container couchdb0  Created
 Container peer0.org2.example.com  Recreate
 Container peer0.org1.example.com  Recreate
 Container peer0.org1.example.com  Recreated
 Container peer0.org2.example.com  Recreated
 Container couchdb1  Starting
 Container couchdb0  Starting
 Container couchdb0  Started
 Container peer0.org1.example.com  Starting
 Container couchdb1  Started
 Container peer0.org2.example.com  Starting
 Container peer0.org2.example.com  Started
 Container peer0.org1.example.com  Started
CONTAINER ID   IMAGE                               COMMAND                   CREATED                  STATUS                   PORTS                                                                                                                             NAMES
b02b0492be3a   hyperledger/fabric-peer:latest      "peer node start"         Less than a second ago   Up Less than a second    0.0.0.0:9051->9051/tcp, :::9051->9051/tcp, 7051/tcp, 0.0.0.0:9445->9445/tcp, :::9445->9445/tcp                                    peer0.org2.example.com
d71263efade3   hyperledger/fabric-peer:latest      "peer node start"         Less than a second ago   Up Less than a second    0.0.0.0:7051->7051/tcp, :::7051->7051/tcp, 0.0.0.0:9444->9444/tcp, :::9444->9444/tcp                                              peer0.org1.example.com
eedb6bba5053   hyperledger/fabric-orderer:latest   "orderer"                 17 seconds ago           Up 17 seconds            0.0.0.0:7050->7050/tcp, :::7050->7050/tcp, 0.0.0.0:7053->7053/tcp, :::7053->7053/tcp, 0.0.0.0:9443->9443/tcp, :::9443->9443/tcp   orderer.example.com
8370aaa852cd   postgres:16.4                       "docker-entrypoint.s…"   2 hours ago              Exited (0) 2 hours ago                                                                                                                                     postgre-opendid
2639405ae46c   couchdb:3.3.3                       "tini -- /docker-ent…"   2 hours ago              Up Less than a second    4369/tcp, 9100/tcp, 0.0.0.0:7984->5984/tcp, [::]:7984->5984/tcp                                                                   couchdb1
940fc08315c0   couchdb:3.3.3                       "tini -- /docker-ent…"   2 hours ago              Up Less than a second    4369/tcp, 9100/tcp, 0.0.0.0:5984->5984/tcp, :::5984->5984/tcp                                                                     couchdb0
Error: error endorsing query: rpc error: code = Unknown desc = error validating proposal: access denied: channel [mychannel] creator org unknown, creator is malformed - proposal response: <nil>
[0;34mUsing docker and docker-compose[0m
[0;34mdeploying chaincode on channel 'mychannel'[0m
executing with the following
- CHANNEL_NAME: [0;32mmychannel[0m
- CC_NAME: [0;32mopendid[0m
- CC_SRC_PATH: [0;32m/Users/sjkim/project/did-orchestrator-server/shells/Fabric/did-fabric-contract/source/did-fabric-contract[0m
- CC_SRC_LANGUAGE: [0;32mgo[0m
- CC_VERSION: [0;32m1.0[0m
- CC_SEQUENCE: [0;32m1[0m
- CC_END_POLICY: [0;32mNA[0m
- CC_COLL_CONFIG: [0;32mNA[0m
- CC_INIT_FCN: [0;32mNA[0m
- DELAY: [0;32m3[0m
- MAX_RETRY: [0;32m5[0m
- VERBOSE: [0;32mfalse[0m
executing with the following
- CC_NAME: [0;32mopendid[0m
- CC_SRC_PATH: [0;32m/Users/sjkim/project/did-orchestrator-server/shells/Fabric/did-fabric-contract/source/did-fabric-contract[0m
- CC_SRC_LANGUAGE: [0;32mgo[0m
- CC_VERSION: [0;32m1.0[0m
[0;34mVendoring Go dependencies at /Users/sjkim/project/did-orchestrator-server/shells/Fabric/did-fabric-contract/source/did-fabric-contract[0m
~/project/did-orchestrator-server/shells/Fabric/did-fabric-contract/source/did-fabric-contract ~/project/did-orchestrator-server/shells/Fabric/fabric-samples/test-network
~/project/did-orchestrator-server/shells/Fabric/fabric-samples/test-network
[0;32mFinished vendoring Go dependencies[0m
+ '[' false = true ']'
+ peer lifecycle chaincode package opendid.tar.gz --path /Users/sjkim/project/did-orchestrator-server/shells/Fabric/did-fabric-contract/source/did-fabric-contract --lang golang --label opendid_1.0
+ res=0
[0;32mChaincode is packaged[0m
[0;34mInstalling chaincode on peer0.org1...[0m
[0;34mUsing organization 1[0m
+ peer lifecycle chaincode queryinstalled --output json
+ jq -r 'try (.installed_chaincodes[].package_id)'
+ grep '^opendid_1.0:2ef2e0f76c5782b9be0c32196fe9293f6ecbce5132f827ae0eac00473fad8c53$'
+ test 0 -ne 0
opendid_1.0:2ef2e0f76c5782b9be0c32196fe9293f6ecbce5132f827ae0eac00473fad8c53
scripts/envVar.sh: line 86: [: too many arguments
[0;32mChaincode is installed on peer0.org1[0m
[0;34mInstall chaincode on peer0.org2...[0m
[0;34mUsing organization 2[0m
+ peer lifecycle chaincode queryinstalled --output json
+ jq -r 'try (.installed_chaincodes[].package_id)'
+ grep '^opendid_1.0:2ef2e0f76c5782b9be0c32196fe9293f6ecbce5132f827ae0eac00473fad8c53$'
+ test 0 -ne 0
opendid_1.0:2ef2e0f76c5782b9be0c32196fe9293f6ecbce5132f827ae0eac00473fad8c53
scripts/envVar.sh: line 86: [: too many arguments
[0;32mChaincode is installed on peer0.org2[0m
[0;34mUsing organization 1[0m
+ peer lifecycle chaincode queryinstalled --output json
+ jq -r 'try (.installed_chaincodes[].package_id)'
+ grep '^opendid_1.0:2ef2e0f76c5782b9be0c32196fe9293f6ecbce5132f827ae0eac00473fad8c53$'
+ res=0
opendid_1.0:2ef2e0f76c5782b9be0c32196fe9293f6ecbce5132f827ae0eac00473fad8c53
[0;32mQuery installed successful on peer0.org1 on channel[0m
[0;34mUsing organization 1[0m
+ peer lifecycle chaincode approveformyorg -o localhost:7050 --ordererTLSHostnameOverride orderer.example.com --tls --cafile /Users/sjkim/project/did-orchestrator-server/shells/Fabric/fabric-samples/test-network/organizations/ordererOrganizations/example.com/tlsca/tlsca.example.com-cert.pem --channelID mychannel --name opendid --version 1.0 --package-id opendid_1.0:2ef2e0f76c5782b9be0c32196fe9293f6ecbce5132f827ae0eac00473fad8c53 --sequence 1
+ res=1
Error: failed to endorse proposal: rpc error: code = Unknown desc = error validating proposal: access denied: channel [mychannel] creator org unknown, creator is malformed
[0;31mChaincode definition approved on peer0.org1 on channel 'mychannel' failed[0m
[0;31mDeploying chaincode failed[0m
