Standard Commons Logging discovery in action with spring-jcl: please remove commons-logging.jar from classpath in order to avoid potential conflicts

  .   ____          _            __ _ _
 /\\ / ___'_ __ _ _(_)_ __  __ _ \ \ \ \
( ( )\___ | '_ | '_| | '_ \/ _` | \ \ \ \
 \\/  ___)| |_)| | | | | || (_| |  ) ) ) )
  '  |____| .__|_| |_|_| |_\__, | / / / /
 =========|_|==============|___/=/_/_/_/
 :: Spring Boot ::                (v3.2.4)

2025-02-24T17:21:15.388+09:00  INFO 19888 --- [API Gateway] [           main] org.omnione.did.ApiGatewayApplication    : Starting ApiGatewayApplication v1.0.0 using Java 17.0.13 with PID 19888 (/Users/sjkim/project/did-orchestrator-server/jars/API/did-api-server-1.0.0.jar started by sjkim in /Users/sjkim/project/did-orchestrator-server/jars)
2025-02-24T17:21:15.389+09:00 DEBUG 19888 --- [API Gateway] [           main] org.omnione.did.ApiGatewayApplication    : Running with Spring Boot v3.2.4, Spring v6.1.5
2025-02-24T17:21:15.390+09:00  INFO 19888 --- [API Gateway] [           main] org.omnione.did.ApiGatewayApplication    : No active profile set, falling back to 3 default profiles: "dev", "logging", "spring-docs"
2025-02-24T17:21:16.312+09:00  INFO 19888 --- [API Gateway] [           main] o.s.cloud.context.scope.GenericScope     : BeanFactory id=f3cb9b7b-40c1-3fd2-a807-3556ede4d2f8
2025-02-24T17:21:16.694+09:00  INFO 19888 --- [API Gateway] [           main] o.s.b.w.embedded.tomcat.TomcatWebServer  : Tomcat initialized with port 8093 (http)
2025-02-24T17:21:16.701+09:00  INFO 19888 --- [API Gateway] [           main] o.apache.catalina.core.StandardService   : Starting service [Tomcat]
2025-02-24T17:21:16.701+09:00  INFO 19888 --- [API Gateway] [           main] o.apache.catalina.core.StandardEngine    : Starting Servlet engine: [Apache Tomcat/10.1.19]
2025-02-24T17:21:16.723+09:00  INFO 19888 --- [API Gateway] [           main] o.a.c.c.C.[Tomcat].[localhost].[/]       : Initializing Spring embedded WebApplicationContext
2025-02-24T17:21:16.723+09:00  INFO 19888 --- [API Gateway] [           main] w.s.c.ServletWebServerApplicationContext : Root WebApplicationContext: initialization completed in 1275 ms
Standard Commons Logging discovery in action with spring-jcl: please remove commons-logging.jar from classpath in order to avoid potential conflicts
2025-02-24T17:21:17.034+09:00  INFO 19888 --- [API Gateway] [           main] o.s.b.a.e.web.EndpointLinksResolver      : Exposing 3 endpoint(s) beneath base path '/actuator'
2025-02-24T17:21:17.088+09:00  WARN 19888 --- [API Gateway] [           main] .s.s.UserDetailsServiceAutoConfiguration : 

Using generated security password: 7a1a2447-ec3c-4bbd-a436-30cc73b2d9b9

This generated password is for development use only. Your security configuration must be updated before running your application in production.

2025-02-24T17:21:17.282+09:00  INFO 19888 --- [API Gateway] [           main] o.s.s.web.DefaultSecurityFilterChain     : Will secure any request with [org.springframework.security.web.session.DisableEncodeUrlFilter@3a8640f7, org.springframework.security.web.context.request.async.WebAsyncManagerIntegrationFilter@ca10069, org.springframework.security.web.context.SecurityContextHolderFilter@2474df51, org.springframework.security.web.header.HeaderWriterFilter@5a78b52b, org.springframework.web.filter.CorsFilter@45e69324, org.springframework.security.web.savedrequest.RequestCacheAwareFilter@3c97f5e9, org.springframework.security.web.servletapi.SecurityContextHolderAwareRequestFilter@22a63740, org.springframework.security.web.authentication.AnonymousAuthenticationFilter@3c89b864, org.springframework.security.web.access.ExceptionTranslationFilter@5ec6a1b6, org.springframework.security.web.access.intercept.AuthorizationFilter@539ee811]
2025-02-24T17:21:17.591+09:00  INFO 19888 --- [API Gateway] [           main] o.s.b.w.embedded.tomcat.TomcatWebServer  : Tomcat started on port 8093 (http) with context path ''
2025-02-24T17:21:17.603+09:00  INFO 19888 --- [API Gateway] [           main] org.omnione.did.ApiGatewayApplication    : Started ApiGatewayApplication in 2.644 seconds (process running for 3.115)
2025-02-24T17:21:18.524+09:00  INFO 19888 --- [API Gateway] [nio-8093-exec-1] o.a.c.c.C.[Tomcat].[localhost].[/]       : Initializing Spring DispatcherServlet 'dispatcherServlet'
2025-02-24T17:21:18.524+09:00  INFO 19888 --- [API Gateway] [nio-8093-exec-1] o.s.web.servlet.DispatcherServlet        : Initializing Servlet 'dispatcherServlet'
2025-02-24T17:21:18.525+09:00  INFO 19888 --- [API Gateway] [nio-8093-exec-1] o.s.web.servlet.DispatcherServlet        : Completed initialization in 1 ms
