Standard Commons Logging discovery in action with spring-jcl: please remove commons-logging.jar from classpath in order to avoid potential conflicts

  .   ____          _            __ _ _
 /\\ / ___'_ __ _ _(_)_ __  __ _ \ \ \ \
( ( )\___ | '_ | '_| | '_ \/ _` | \ \ \ \
 \\/  ___)| |_)| | | | | || (_| |  ) ) ) )
  '  |____| .__|_| |_|_| |_\__, | / / / /
 =========|_|==============|___/=/_/_/_/
 :: Spring Boot ::                (v3.2.4)

2025-02-21T08:45:22.983+09:00  INFO 9449 --- [Issuer] [           main] org.omnione.did.IssuerApplication        : Starting IssuerApplication v1.0.0 using Java 17.0.13 with PID 9449 (/Users/sjkim/project/did-orchestrator-server/jars/Issuer/did-issuer-server-1.0.0.jar started by sjkim in /Users/sjkim/project/did-orchestrator-server/jars)
2025-02-21T08:45:22.986+09:00 DEBUG 9449 --- [Issuer] [           main] org.omnione.did.IssuerApplication        : Running with Spring Boot v3.2.4, Spring v6.1.5
2025-02-21T08:45:22.986+09:00  INFO 9449 --- [Issuer] [           main] org.omnione.did.IssuerApplication        : The following 7 profiles are active: "dev", "tas", "database", "wallet", "logging", "spring-docs", "issue"
2025-02-21T08:45:23.931+09:00  INFO 9449 --- [Issuer] [           main] .s.d.r.c.RepositoryConfigurationDelegate : Bootstrapping Spring Data JPA repositories in DEFAULT mode.
2025-02-21T08:45:23.976+09:00  INFO 9449 --- [Issuer] [           main] .s.d.r.c.RepositoryConfigurationDelegate : Finished Spring Data repository scanning in 40 ms. Found 9 JPA repository interfaces.
2025-02-21T08:45:24.127+09:00  INFO 9449 --- [Issuer] [           main] o.s.cloud.context.scope.GenericScope     : BeanFactory id=b3086c7e-8e3f-31e5-9643-c6010ff32d2c
2025-02-21T08:45:24.190+09:00  INFO 9449 --- [Issuer] [           main] ptablePropertiesBeanFactoryPostProcessor : Post-processing PropertySource instances
2025-02-21T08:45:24.191+09:00  INFO 9449 --- [Issuer] [           main] c.u.j.EncryptablePropertySourceConverter : Skipping PropertySource configurationProperties [class org.springframework.boot.context.properties.source.ConfigurationPropertySourcesPropertySource
2025-02-21T08:45:24.192+09:00  INFO 9449 --- [Issuer] [           main] c.u.j.EncryptablePropertySourceConverter : Skipping PropertySource servletConfigInitParams [class org.springframework.core.env.PropertySource$StubPropertySource
2025-02-21T08:45:24.192+09:00  INFO 9449 --- [Issuer] [           main] c.u.j.EncryptablePropertySourceConverter : Skipping PropertySource servletContextInitParams [class org.springframework.core.env.PropertySource$StubPropertySource
2025-02-21T08:45:24.192+09:00  INFO 9449 --- [Issuer] [           main] c.u.j.EncryptablePropertySourceConverter : Converting PropertySource systemProperties [org.springframework.core.env.PropertiesPropertySource] to EncryptableMapPropertySourceWrapper
2025-02-21T08:45:24.192+09:00  INFO 9449 --- [Issuer] [           main] c.u.j.EncryptablePropertySourceConverter : Converting PropertySource systemEnvironment [org.springframework.boot.env.SystemEnvironmentPropertySourceEnvironmentPostProcessor$OriginAwareSystemEnvironmentPropertySource] to EncryptableSystemEnvironmentPropertySourceWrapper
2025-02-21T08:45:24.192+09:00  INFO 9449 --- [Issuer] [           main] c.u.j.EncryptablePropertySourceConverter : Converting PropertySource random [org.springframework.boot.env.RandomValuePropertySource] to EncryptablePropertySourceWrapper
2025-02-21T08:45:24.192+09:00  INFO 9449 --- [Issuer] [           main] c.u.j.EncryptablePropertySourceConverter : Converting PropertySource cachedrandom [org.springframework.cloud.util.random.CachedRandomPropertySource] to EncryptablePropertySourceWrapper
2025-02-21T08:45:24.192+09:00  INFO 9449 --- [Issuer] [           main] c.u.j.EncryptablePropertySourceConverter : Converting PropertySource Config resource 'class path resource [config/application-issue.yml]' via location 'optional:classpath:/config/' [org.springframework.boot.env.OriginTrackedMapPropertySource] to EncryptableMapPropertySourceWrapper
2025-02-21T08:45:24.192+09:00  INFO 9449 --- [Issuer] [           main] c.u.j.EncryptablePropertySourceConverter : Converting PropertySource Config resource 'class path resource [config/application-spring-docs.yml]' via location 'optional:classpath:/config/' [org.springframework.boot.env.OriginTrackedMapPropertySource] to EncryptableMapPropertySourceWrapper
2025-02-21T08:45:24.192+09:00  INFO 9449 --- [Issuer] [           main] c.u.j.EncryptablePropertySourceConverter : Converting PropertySource Config resource 'class path resource [config/application-logging.yml]' via location 'optional:classpath:/config/' [org.springframework.boot.env.OriginTrackedMapPropertySource] to EncryptableMapPropertySourceWrapper
2025-02-21T08:45:24.192+09:00  INFO 9449 --- [Issuer] [           main] c.u.j.EncryptablePropertySourceConverter : Converting PropertySource Config resource 'class path resource [config/application-wallet.yml]' via location 'optional:classpath:/config/' [org.springframework.boot.env.OriginTrackedMapPropertySource] to EncryptableMapPropertySourceWrapper
2025-02-21T08:45:24.193+09:00  INFO 9449 --- [Issuer] [           main] c.u.j.EncryptablePropertySourceConverter : Converting PropertySource Config resource 'class path resource [config/application-database.yml]' via location 'optional:classpath:/config/' [org.springframework.boot.env.OriginTrackedMapPropertySource] to EncryptableMapPropertySourceWrapper
2025-02-21T08:45:24.193+09:00  INFO 9449 --- [Issuer] [           main] c.u.j.EncryptablePropertySourceConverter : Converting PropertySource Config resource 'class path resource [config/application-tas.yml]' via location 'optional:classpath:/config/' [org.springframework.boot.env.OriginTrackedMapPropertySource] to EncryptableMapPropertySourceWrapper
2025-02-21T08:45:24.193+09:00  INFO 9449 --- [Issuer] [           main] c.u.j.EncryptablePropertySourceConverter : Converting PropertySource Config resource 'class path resource [config/application.yml]' via location 'optional:classpath:/config/' [org.springframework.boot.env.OriginTrackedMapPropertySource] to EncryptableMapPropertySourceWrapper
2025-02-21T08:45:24.193+09:00  INFO 9449 --- [Issuer] [           main] c.u.j.EncryptablePropertySourceConverter : Converting PropertySource springCloudClientHostInfo [org.springframework.core.env.MapPropertySource] to EncryptableMapPropertySourceWrapper
2025-02-21T08:45:24.552+09:00  INFO 9449 --- [Issuer] [           main] o.s.b.w.embedded.tomcat.TomcatWebServer  : Tomcat initialized with port 8091 (http)
2025-02-21T08:45:24.560+09:00  INFO 9449 --- [Issuer] [           main] o.apache.catalina.core.StandardService   : Starting service [Tomcat]
2025-02-21T08:45:24.560+09:00  INFO 9449 --- [Issuer] [           main] o.apache.catalina.core.StandardEngine    : Starting Servlet engine: [Apache Tomcat/10.1.19]
2025-02-21T08:45:24.589+09:00  INFO 9449 --- [Issuer] [           main] o.a.c.c.C.[Tomcat].[localhost].[/]       : Initializing Spring embedded WebApplicationContext
2025-02-21T08:45:24.589+09:00  INFO 9449 --- [Issuer] [           main] w.s.c.ServletWebServerApplicationContext : Root WebApplicationContext: initialization completed in 1554 ms
Standard Commons Logging discovery in action with spring-jcl: please remove commons-logging.jar from classpath in order to avoid potential conflicts
2025-02-21T08:45:24.642+09:00  INFO 9449 --- [Issuer] [           main] c.u.j.filter.DefaultLazyPropertyFilter   : Property Filter custom Bean not found with name 'encryptablePropertyFilter'. Initializing Default Property Filter
2025-02-21T08:45:24.646+09:00  INFO 9449 --- [Issuer] [           main] c.u.j.r.DefaultLazyPropertyResolver      : Property Resolver custom Bean not found with name 'encryptablePropertyResolver'. Initializing Default Property Resolver
2025-02-21T08:45:24.648+09:00  INFO 9449 --- [Issuer] [           main] c.u.j.d.DefaultLazyPropertyDetector      : Property Detector custom Bean not found with name 'encryptablePropertyDetector'. Initializing Default Property Detector
2025-02-21T08:45:24.759+09:00  INFO 9449 --- [Issuer] [           main] com.zaxxer.hikari.HikariDataSource       : HikariPool-1 - Starting...
2025-02-21T08:45:24.858+09:00  INFO 9449 --- [Issuer] [           main] com.zaxxer.hikari.pool.HikariPool        : HikariPool-1 - Added connection org.postgresql.jdbc.PgConnection@34f60be9
2025-02-21T08:45:24.859+09:00  INFO 9449 --- [Issuer] [           main] com.zaxxer.hikari.HikariDataSource       : HikariPool-1 - Start completed.
2025-02-21T08:45:24.937+09:00  INFO 9449 --- [Issuer] [           main] liquibase.database                       : Set default schema name to public
2025-02-21T08:45:25.324+09:00  INFO 9449 --- [Issuer] [           main] liquibase.changelog                      : Reading from public.databasechangelog
Database is up to date, no changesets to execute
2025-02-21T08:45:25.359+09:00  INFO 9449 --- [Issuer] [           main] liquibase.changelog                      : Reading from public.databasechangelog
2025-02-21T08:45:25.362+09:00  INFO 9449 --- [Issuer] [           main] liquibase.util                           : UPDATE SUMMARY
2025-02-21T08:45:25.363+09:00  INFO 9449 --- [Issuer] [           main] liquibase.util                           : Run:                          0
2025-02-21T08:45:25.363+09:00  INFO 9449 --- [Issuer] [           main] liquibase.util                           : Previously run:               9
2025-02-21T08:45:25.363+09:00  INFO 9449 --- [Issuer] [           main] liquibase.util                           : Filtered out:                 0
2025-02-21T08:45:25.363+09:00  INFO 9449 --- [Issuer] [           main] liquibase.util                           : -------------------------------
2025-02-21T08:45:25.363+09:00  INFO 9449 --- [Issuer] [           main] liquibase.util                           : Total change sets:            9
2025-02-21T08:45:25.363+09:00  INFO 9449 --- [Issuer] [           main] liquibase.util                           : Update summary generated
2025-02-21T08:45:25.374+09:00  INFO 9449 --- [Issuer] [           main] liquibase.lockservice                    : Successfully released change log lock
2025-02-21T08:45:25.374+09:00  INFO 9449 --- [Issuer] [           main] liquibase.command                        : Command execution complete
2025-02-21T08:45:25.430+09:00  INFO 9449 --- [Issuer] [           main] o.hibernate.jpa.internal.util.LogHelper  : HHH000204: Processing PersistenceUnitInfo [name: default]
2025-02-21T08:45:25.472+09:00  INFO 9449 --- [Issuer] [           main] org.hibernate.Version                    : HHH000412: Hibernate ORM core version 6.4.4.Final
2025-02-21T08:45:25.504+09:00  INFO 9449 --- [Issuer] [           main] o.h.c.internal.RegionFactoryInitiator    : HHH000026: Second-level cache disabled
2025-02-21T08:45:25.675+09:00  INFO 9449 --- [Issuer] [           main] o.s.o.j.p.SpringPersistenceUnitInfo      : No LoadTimeWeaver setup: ignoring JPA class transformer
2025-02-21T08:45:26.302+09:00  INFO 9449 --- [Issuer] [           main] o.h.e.t.j.p.i.JtaPlatformInitiator       : HHH000489: No JTA platform available (set 'hibernate.transaction.jta.platform' to enable JTA platform integration)
2025-02-21T08:45:26.303+09:00  INFO 9449 --- [Issuer] [           main] j.LocalContainerEntityManagerFactoryBean : Initialized JPA EntityManagerFactory for persistence unit 'default'
2025-02-21T08:45:26.507+09:00  INFO 9449 --- [Issuer] [           main] o.s.b.a.e.web.EndpointLinksResolver      : Exposing 3 endpoint(s) beneath base path '/actuator'
2025-02-21T08:45:27.081+09:00  WARN 9449 --- [Issuer] [           main] .s.s.UserDetailsServiceAutoConfiguration : 

Using generated security password: 59a95ce2-b227-495e-99a1-49a1c9772c2e

This generated password is for development use only. Your security configuration must be updated before running your application in production.

2025-02-21T08:45:27.263+09:00  INFO 9449 --- [Issuer] [           main] o.s.s.web.DefaultSecurityFilterChain     : Will secure any request with [org.springframework.security.web.session.DisableEncodeUrlFilter@24e95bd4, org.springframework.security.web.context.request.async.WebAsyncManagerIntegrationFilter@16510bb9, org.springframework.security.web.context.SecurityContextHolderFilter@62c2a477, org.springframework.security.web.header.HeaderWriterFilter@5492b0d3, org.springframework.web.filter.CorsFilter@5590d10f, org.springframework.security.web.savedrequest.RequestCacheAwareFilter@147b7f3c, org.springframework.security.web.servletapi.SecurityContextHolderAwareRequestFilter@265b5f05, org.springframework.security.web.authentication.AnonymousAuthenticationFilter@230fbdf5, org.springframework.security.web.access.ExceptionTranslationFilter@d85a651, org.springframework.security.web.access.intercept.AuthorizationFilter@5417f849]
2025-02-21T08:45:27.611+09:00  INFO 9449 --- [Issuer] [           main] o.s.b.w.embedded.tomcat.TomcatWebServer  : Tomcat started on port 8091 (http) with context path ''
2025-02-21T08:45:27.611+09:00  INFO 9449 --- [Issuer] [           main] u.j.c.RefreshScopeRefreshedEventListener : Refreshing cached encryptable property sources on ServletWebServerInitializedEvent
2025-02-21T08:45:27.616+09:00  INFO 9449 --- [Issuer] [           main] CachingDelegateEncryptablePropertySource : Property Source systemProperties refreshed
2025-02-21T08:45:27.616+09:00  INFO 9449 --- [Issuer] [           main] CachingDelegateEncryptablePropertySource : Property Source systemEnvironment refreshed
2025-02-21T08:45:27.616+09:00  INFO 9449 --- [Issuer] [           main] CachingDelegateEncryptablePropertySource : Property Source random refreshed
2025-02-21T08:45:27.616+09:00  INFO 9449 --- [Issuer] [           main] CachingDelegateEncryptablePropertySource : Property Source cachedrandom refreshed
2025-02-21T08:45:27.616+09:00  INFO 9449 --- [Issuer] [           main] CachingDelegateEncryptablePropertySource : Property Source Config resource 'class path resource [config/application-issue.yml]' via location 'optional:classpath:/config/' refreshed
2025-02-21T08:45:27.617+09:00  INFO 9449 --- [Issuer] [           main] CachingDelegateEncryptablePropertySource : Property Source Config resource 'class path resource [config/application-spring-docs.yml]' via location 'optional:classpath:/config/' refreshed
2025-02-21T08:45:27.617+09:00  INFO 9449 --- [Issuer] [           main] CachingDelegateEncryptablePropertySource : Property Source Config resource 'class path resource [config/application-logging.yml]' via location 'optional:classpath:/config/' refreshed
2025-02-21T08:45:27.617+09:00  INFO 9449 --- [Issuer] [           main] CachingDelegateEncryptablePropertySource : Property Source Config resource 'class path resource [config/application-wallet.yml]' via location 'optional:classpath:/config/' refreshed
2025-02-21T08:45:27.617+09:00  INFO 9449 --- [Issuer] [           main] CachingDelegateEncryptablePropertySource : Property Source Config resource 'class path resource [config/application-database.yml]' via location 'optional:classpath:/config/' refreshed
2025-02-21T08:45:27.617+09:00  INFO 9449 --- [Issuer] [           main] CachingDelegateEncryptablePropertySource : Property Source Config resource 'class path resource [config/application-tas.yml]' via location 'optional:classpath:/config/' refreshed
2025-02-21T08:45:27.617+09:00  INFO 9449 --- [Issuer] [           main] CachingDelegateEncryptablePropertySource : Property Source Config resource 'class path resource [config/application.yml]' via location 'optional:classpath:/config/' refreshed
2025-02-21T08:45:27.617+09:00  INFO 9449 --- [Issuer] [           main] CachingDelegateEncryptablePropertySource : Property Source springCloudClientHostInfo refreshed
2025-02-21T08:45:27.617+09:00  INFO 9449 --- [Issuer] [           main] c.u.j.EncryptablePropertySourceConverter : Skipping PropertySource configurationProperties [class org.springframework.boot.context.properties.source.ConfigurationPropertySourcesPropertySource
2025-02-21T08:45:27.617+09:00  INFO 9449 --- [Issuer] [           main] c.u.j.EncryptablePropertySourceConverter : Skipping PropertySource servletConfigInitParams [class org.springframework.core.env.PropertySource$StubPropertySource
2025-02-21T08:45:27.617+09:00  INFO 9449 --- [Issuer] [           main] c.u.j.EncryptablePropertySourceConverter : Converting PropertySource servletContextInitParams [org.springframework.web.context.support.ServletContextPropertySource] to EncryptableEnumerablePropertySourceWrapper
2025-02-21T08:45:27.617+09:00  INFO 9449 --- [Issuer] [           main] c.u.j.EncryptablePropertySourceConverter : Converting PropertySource Management Server [org.springframework.boot.actuate.autoconfigure.web.server.ManagementContextAutoConfiguration$SameManagementContextConfiguration$1] to EncryptablePropertySourceWrapper
2025-02-21T08:45:27.640+09:00  INFO 9449 --- [Issuer] [           main] org.omnione.did.IssuerApplication        : Started IssuerApplication in 5.083 seconds (process running for 5.506)
2025-02-21T08:45:36.494+09:00  INFO 9449 --- [Issuer] [nio-8091-exec-1] o.a.c.c.C.[Tomcat].[localhost].[/]       : Initializing Spring DispatcherServlet 'dispatcherServlet'
2025-02-21T08:45:36.495+09:00  INFO 9449 --- [Issuer] [nio-8091-exec-1] o.s.web.servlet.DispatcherServlet        : Initializing Servlet 'dispatcherServlet'
2025-02-21T08:45:36.496+09:00  INFO 9449 --- [Issuer] [nio-8091-exec-1] o.s.web.servlet.DispatcherServlet        : Completed initialization in 1 ms
2025-02-21T09:30:10.302+09:00  INFO 9449 --- [Issuer] [       Thread-3] j.LocalContainerEntityManagerFactoryBean : Closing JPA EntityManagerFactory for persistence unit 'default'
2025-02-21T09:30:10.307+09:00  INFO 9449 --- [Issuer] [       Thread-3] com.zaxxer.hikari.HikariDataSource       : HikariPool-1 - Shutdown initiated...
2025-02-21T09:30:10.309+09:00  INFO 9449 --- [Issuer] [       Thread-3] com.zaxxer.hikari.HikariDataSource       : HikariPool-1 - Shutdown completed.
