Standard Commons Logging discovery in action with spring-jcl: please remove commons-logging.jar from classpath in order to avoid potential conflicts

  .   ____          _            __ _ _
 /\\ / ___'_ __ _ _(_)_ __  __ _ \ \ \ \
( ( )\___ | '_ | '_| | '_ \/ _` | \ \ \ \
 \\/  ___)| |_)| | | | | || (_| |  ) ) ) )
  '  |____| .__|_| |_|_| |_\__, | / / / /
 =========|_|==============|___/=/_/_/_/
 :: Spring Boot ::                (v3.2.4)

2025-02-21T08:45:18.075+09:00  INFO 9412 --- [Tas] [           main] org.omnione.did.TasApplication           : Starting TasApplication v1.0.0 using Java 17.0.13 with PID 9412 (/Users/sjkim/project/did-orchestrator-server/jars/TAS/did-ta-server-1.0.0.jar started by sjkim in /Users/sjkim/project/did-orchestrator-server/jars)
2025-02-21T08:45:18.078+09:00  INFO 9412 --- [Tas] [           main] org.omnione.did.TasApplication           : The following 8 profiles are active: "dev", "auth", "databases", "wallet", "logging", "spring-docs", "notification", "tas"
2025-02-21T08:45:19.170+09:00  INFO 9412 --- [Tas] [           main] .s.d.r.c.RepositoryConfigurationDelegate : Bootstrapping Spring Data JPA repositories in DEFAULT mode.
2025-02-21T08:45:19.226+09:00  INFO 9412 --- [Tas] [           main] .s.d.r.c.RepositoryConfigurationDelegate : Finished Spring Data repository scanning in 52 ms. Found 11 JPA repository interfaces.
2025-02-21T08:45:19.378+09:00  INFO 9412 --- [Tas] [           main] o.s.cloud.context.scope.GenericScope     : BeanFactory id=cc12d6e2-31e6-31e0-9e60-518470250157
2025-02-21T08:45:19.437+09:00  INFO 9412 --- [Tas] [           main] ptablePropertiesBeanFactoryPostProcessor : Post-processing PropertySource instances
2025-02-21T08:45:19.437+09:00  INFO 9412 --- [Tas] [           main] c.u.j.EncryptablePropertySourceConverter : Skipping PropertySource configurationProperties [class org.springframework.boot.context.properties.source.ConfigurationPropertySourcesPropertySource
2025-02-21T08:45:19.437+09:00  INFO 9412 --- [Tas] [           main] c.u.j.EncryptablePropertySourceConverter : Skipping PropertySource servletConfigInitParams [class org.springframework.core.env.PropertySource$StubPropertySource
2025-02-21T08:45:19.438+09:00  INFO 9412 --- [Tas] [           main] c.u.j.EncryptablePropertySourceConverter : Skipping PropertySource servletContextInitParams [class org.springframework.core.env.PropertySource$StubPropertySource
2025-02-21T08:45:19.438+09:00  INFO 9412 --- [Tas] [           main] c.u.j.EncryptablePropertySourceConverter : Converting PropertySource systemProperties [org.springframework.core.env.PropertiesPropertySource] to EncryptableMapPropertySourceWrapper
2025-02-21T08:45:19.438+09:00  INFO 9412 --- [Tas] [           main] c.u.j.EncryptablePropertySourceConverter : Converting PropertySource systemEnvironment [org.springframework.boot.env.SystemEnvironmentPropertySourceEnvironmentPostProcessor$OriginAwareSystemEnvironmentPropertySource] to EncryptableSystemEnvironmentPropertySourceWrapper
2025-02-21T08:45:19.438+09:00  INFO 9412 --- [Tas] [           main] c.u.j.EncryptablePropertySourceConverter : Converting PropertySource random [org.springframework.boot.env.RandomValuePropertySource] to EncryptablePropertySourceWrapper
2025-02-21T08:45:19.438+09:00  INFO 9412 --- [Tas] [           main] c.u.j.EncryptablePropertySourceConverter : Converting PropertySource cachedrandom [org.springframework.cloud.util.random.CachedRandomPropertySource] to EncryptablePropertySourceWrapper
2025-02-21T08:45:19.438+09:00  INFO 9412 --- [Tas] [           main] c.u.j.EncryptablePropertySourceConverter : Converting PropertySource Config resource 'class path resource [config/application-tas.yml]' via location 'optional:classpath:/config/' [org.springframework.boot.env.OriginTrackedMapPropertySource] to EncryptableMapPropertySourceWrapper
2025-02-21T08:45:19.438+09:00  INFO 9412 --- [Tas] [           main] c.u.j.EncryptablePropertySourceConverter : Converting PropertySource Config resource 'class path resource [config/application-notification.yml]' via location 'optional:classpath:/config/' [org.springframework.boot.env.OriginTrackedMapPropertySource] to EncryptableMapPropertySourceWrapper
2025-02-21T08:45:19.438+09:00  INFO 9412 --- [Tas] [           main] c.u.j.EncryptablePropertySourceConverter : Converting PropertySource Config resource 'class path resource [config/application-spring-docs.yml]' via location 'optional:classpath:/config/' [org.springframework.boot.env.OriginTrackedMapPropertySource] to EncryptableMapPropertySourceWrapper
2025-02-21T08:45:19.438+09:00  INFO 9412 --- [Tas] [           main] c.u.j.EncryptablePropertySourceConverter : Converting PropertySource Config resource 'class path resource [config/application-logging.yml]' via location 'optional:classpath:/config/' [org.springframework.boot.env.OriginTrackedMapPropertySource] to EncryptableMapPropertySourceWrapper
2025-02-21T08:45:19.438+09:00  INFO 9412 --- [Tas] [           main] c.u.j.EncryptablePropertySourceConverter : Converting PropertySource Config resource 'class path resource [config/application-wallet.yml]' via location 'optional:classpath:/config/' [org.springframework.boot.env.OriginTrackedMapPropertySource] to EncryptableMapPropertySourceWrapper
2025-02-21T08:45:19.438+09:00  INFO 9412 --- [Tas] [           main] c.u.j.EncryptablePropertySourceConverter : Converting PropertySource Config resource 'class path resource [config/application-databases.yml]' via location 'optional:classpath:/config/' [org.springframework.boot.env.OriginTrackedMapPropertySource] to EncryptableMapPropertySourceWrapper
2025-02-21T08:45:19.438+09:00  INFO 9412 --- [Tas] [           main] c.u.j.EncryptablePropertySourceConverter : Converting PropertySource Config resource 'class path resource [config/application-auth.yml]' via location 'optional:classpath:/config/' [org.springframework.boot.env.OriginTrackedMapPropertySource] to EncryptableMapPropertySourceWrapper
2025-02-21T08:45:19.438+09:00  INFO 9412 --- [Tas] [           main] c.u.j.EncryptablePropertySourceConverter : Converting PropertySource Config resource 'class path resource [config/application.yml]' via location 'optional:classpath:/config/' [org.springframework.boot.env.OriginTrackedMapPropertySource] to EncryptableMapPropertySourceWrapper
2025-02-21T08:45:19.438+09:00  INFO 9412 --- [Tas] [           main] c.u.j.EncryptablePropertySourceConverter : Converting PropertySource springCloudClientHostInfo [org.springframework.core.env.MapPropertySource] to EncryptableMapPropertySourceWrapper
2025-02-21T08:45:19.769+09:00  INFO 9412 --- [Tas] [           main] c.u.j.filter.DefaultLazyPropertyFilter   : Property Filter custom Bean not found with name 'encryptablePropertyFilter'. Initializing Default Property Filter
2025-02-21T08:45:19.774+09:00  INFO 9412 --- [Tas] [           main] c.u.j.r.DefaultLazyPropertyResolver      : Property Resolver custom Bean not found with name 'encryptablePropertyResolver'. Initializing Default Property Resolver
2025-02-21T08:45:19.775+09:00  INFO 9412 --- [Tas] [           main] c.u.j.d.DefaultLazyPropertyDetector      : Property Detector custom Bean not found with name 'encryptablePropertyDetector'. Initializing Default Property Detector
2025-02-21T08:45:19.872+09:00  INFO 9412 --- [Tas] [           main] o.s.b.w.embedded.tomcat.TomcatWebServer  : Tomcat initialized with port 8090 (http)
2025-02-21T08:45:19.886+09:00  INFO 9412 --- [Tas] [           main] o.apache.catalina.core.StandardService   : Starting service [Tomcat]
2025-02-21T08:45:19.886+09:00  INFO 9412 --- [Tas] [           main] o.apache.catalina.core.StandardEngine    : Starting Servlet engine: [Apache Tomcat/10.1.19]
2025-02-21T08:45:19.912+09:00  INFO 9412 --- [Tas] [           main] o.a.c.c.C.[Tomcat].[localhost].[/]       : Initializing Spring embedded WebApplicationContext
2025-02-21T08:45:19.913+09:00  INFO 9412 --- [Tas] [           main] w.s.c.ServletWebServerApplicationContext : Root WebApplicationContext: initialization completed in 1779 ms
Standard Commons Logging discovery in action with spring-jcl: please remove commons-logging.jar from classpath in order to avoid potential conflicts
2025-02-21T08:45:20.087+09:00  INFO 9412 --- [Tas] [           main] com.zaxxer.hikari.HikariDataSource       : HikariPool-1 - Starting...
2025-02-21T08:45:20.196+09:00  INFO 9412 --- [Tas] [           main] com.zaxxer.hikari.pool.HikariPool        : HikariPool-1 - Added connection org.postgresql.jdbc.PgConnection@42cf5a6f
2025-02-21T08:45:20.196+09:00  INFO 9412 --- [Tas] [           main] com.zaxxer.hikari.HikariDataSource       : HikariPool-1 - Start completed.
2025-02-21T08:45:20.290+09:00  INFO 9412 --- [Tas] [           main] liquibase.database                       : Set default schema name to public
2025-02-21T08:45:20.718+09:00  INFO 9412 --- [Tas] [           main] liquibase.changelog                      : Reading from public.databasechangelog
Database is up to date, no changesets to execute
2025-02-21T08:45:20.752+09:00  INFO 9412 --- [Tas] [           main] liquibase.changelog                      : Reading from public.databasechangelog
2025-02-21T08:45:20.755+09:00  INFO 9412 --- [Tas] [           main] liquibase.util                           : UPDATE SUMMARY
2025-02-21T08:45:20.756+09:00  INFO 9412 --- [Tas] [           main] liquibase.util                           : Run:                          0
2025-02-21T08:45:20.756+09:00  INFO 9412 --- [Tas] [           main] liquibase.util                           : Previously run:              11
2025-02-21T08:45:20.756+09:00  INFO 9412 --- [Tas] [           main] liquibase.util                           : Filtered out:                 0
2025-02-21T08:45:20.756+09:00  INFO 9412 --- [Tas] [           main] liquibase.util                           : -------------------------------
2025-02-21T08:45:20.756+09:00  INFO 9412 --- [Tas] [           main] liquibase.util                           : Total change sets:           11
2025-02-21T08:45:20.756+09:00  INFO 9412 --- [Tas] [           main] liquibase.util                           : Update summary generated
2025-02-21T08:45:20.769+09:00  INFO 9412 --- [Tas] [           main] liquibase.lockservice                    : Successfully released change log lock
2025-02-21T08:45:20.770+09:00  INFO 9412 --- [Tas] [           main] liquibase.command                        : Command execution complete
2025-02-21T08:45:20.844+09:00  INFO 9412 --- [Tas] [           main] o.hibernate.jpa.internal.util.LogHelper  : HHH000204: Processing PersistenceUnitInfo [name: default]
2025-02-21T08:45:20.890+09:00  INFO 9412 --- [Tas] [           main] org.hibernate.Version                    : HHH000412: Hibernate ORM core version 6.4.4.Final
2025-02-21T08:45:20.917+09:00  INFO 9412 --- [Tas] [           main] o.h.c.internal.RegionFactoryInitiator    : HHH000026: Second-level cache disabled
2025-02-21T08:45:21.104+09:00  INFO 9412 --- [Tas] [           main] o.s.o.j.p.SpringPersistenceUnitInfo      : No LoadTimeWeaver setup: ignoring JPA class transformer
2025-02-21T08:45:21.854+09:00  INFO 9412 --- [Tas] [           main] o.h.e.t.j.p.i.JtaPlatformInitiator       : HHH000489: No JTA platform available (set 'hibernate.transaction.jta.platform' to enable JTA platform integration)
2025-02-21T08:45:21.856+09:00  INFO 9412 --- [Tas] [           main] j.LocalContainerEntityManagerFactoryBean : Initialized JPA EntityManagerFactory for persistence unit 'default'
2025-02-21T08:45:22.087+09:00  INFO 9412 --- [Tas] [           main] o.s.d.j.r.query.QueryEnhancerFactory     : Hibernate is in classpath; If applicable, HQL parser will be used.
2025-02-21T08:45:22.489+09:00  INFO 9412 --- [Tas] [           main] o.o.d.tas.v1.service.FileLoaderService   : Error loading samples TAS : did-ta-server/sample/data
2025-02-21T08:45:22.491+09:00  WARN 9412 --- [Tas] [           main] ConfigServletWebServerApplicationContext : Exception encountered during context initialization - cancelling refresh attempt: org.springframework.beans.factory.UnsatisfiedDependencyException: Error creating bean with name 'listVcController' defined in URL [jar:nested:/Users/sjkim/project/did-orchestrator-server/jars/TAS/did-ta-server-1.0.0.jar/!BOOT-INF/classes/!/org/omnione/did/list/v1/controller/ListVcController.class]: Unsatisfied dependency expressed through constructor parameter 0: Error creating bean with name 'listService' defined in URL [jar:nested:/Users/sjkim/project/did-orchestrator-server/jars/TAS/did-ta-server-1.0.0.jar/!BOOT-INF/classes/!/org/omnione/did/list/v1/service/ListService.class]: Unsatisfied dependency expressed through constructor parameter 0: Error creating bean with name 'fileLoaderService': Invocation of init method failed
2025-02-21T08:45:22.491+09:00  INFO 9412 --- [Tas] [           main] j.LocalContainerEntityManagerFactoryBean : Closing JPA EntityManagerFactory for persistence unit 'default'
2025-02-21T08:45:22.491+09:00  INFO 9412 --- [Tas] [           main] com.zaxxer.hikari.HikariDataSource       : HikariPool-1 - Shutdown initiated...
2025-02-21T08:45:22.493+09:00  INFO 9412 --- [Tas] [           main] com.zaxxer.hikari.HikariDataSource       : HikariPool-1 - Shutdown completed.
2025-02-21T08:45:22.496+09:00  INFO 9412 --- [Tas] [           main] o.apache.catalina.core.StandardService   : Stopping service [Tomcat]
2025-02-21T08:45:22.512+09:00  INFO 9412 --- [Tas] [           main] .s.b.a.l.ConditionEvaluationReportLogger : 

Error starting ApplicationContext. To display the condition evaluation report re-run your application with 'debug' enabled.
2025-02-21T08:45:22.527+09:00 ERROR 9412 --- [Tas] [           main] o.s.boot.SpringApplication               : Application run failed

org.springframework.beans.factory.UnsatisfiedDependencyException: Error creating bean with name 'listVcController' defined in URL [jar:nested:/Users/sjkim/project/did-orchestrator-server/jars/TAS/did-ta-server-1.0.0.jar/!BOOT-INF/classes/!/org/omnione/did/list/v1/controller/ListVcController.class]: Unsatisfied dependency expressed through constructor parameter 0: Error creating bean with name 'listService' defined in URL [jar:nested:/Users/sjkim/project/did-orchestrator-server/jars/TAS/did-ta-server-1.0.0.jar/!BOOT-INF/classes/!/org/omnione/did/list/v1/service/ListService.class]: Unsatisfied dependency expressed through constructor parameter 0: Error creating bean with name 'fileLoaderService': Invocation of init method failed
	at org.springframework.beans.factory.support.ConstructorResolver.createArgumentArray(ConstructorResolver.java:795) ~[spring-beans-6.1.5.jar!/:6.1.5]
	at org.springframework.beans.factory.support.ConstructorResolver.autowireConstructor(ConstructorResolver.java:237) ~[spring-beans-6.1.5.jar!/:6.1.5]
	at org.springframework.beans.factory.support.AbstractAutowireCapableBeanFactory.autowireConstructor(AbstractAutowireCapableBeanFactory.java:1355) ~[spring-beans-6.1.5.jar!/:6.1.5]
	at org.springframework.beans.factory.support.AbstractAutowireCapableBeanFactory.createBeanInstance(AbstractAutowireCapableBeanFactory.java:1192) ~[spring-beans-6.1.5.jar!/:6.1.5]
	at org.springframework.beans.factory.support.AbstractAutowireCapableBeanFactory.doCreateBean(AbstractAutowireCapableBeanFactory.java:562) ~[spring-beans-6.1.5.jar!/:6.1.5]
	at org.springframework.beans.factory.support.AbstractAutowireCapableBeanFactory.createBean(AbstractAutowireCapableBeanFactory.java:522) ~[spring-beans-6.1.5.jar!/:6.1.5]
	at org.springframework.beans.factory.support.AbstractBeanFactory.lambda$doGetBean$0(AbstractBeanFactory.java:326) ~[spring-beans-6.1.5.jar!/:6.1.5]
	at org.springframework.beans.factory.support.DefaultSingletonBeanRegistry.getSingleton(DefaultSingletonBeanRegistry.java:234) ~[spring-beans-6.1.5.jar!/:6.1.5]
	at org.springframework.beans.factory.support.AbstractBeanFactory.doGetBean(AbstractBeanFactory.java:324) ~[spring-beans-6.1.5.jar!/:6.1.5]
	at org.springframework.beans.factory.support.AbstractBeanFactory.getBean(AbstractBeanFactory.java:200) ~[spring-beans-6.1.5.jar!/:6.1.5]
	at org.springframework.beans.factory.support.DefaultListableBeanFactory.preInstantiateSingletons(DefaultListableBeanFactory.java:975) ~[spring-beans-6.1.5.jar!/:6.1.5]
	at org.springframework.context.support.AbstractApplicationContext.finishBeanFactoryInitialization(AbstractApplicationContext.java:962) ~[spring-context-6.1.5.jar!/:6.1.5]
	at org.springframework.context.support.AbstractApplicationContext.refresh(AbstractApplicationContext.java:624) ~[spring-context-6.1.5.jar!/:6.1.5]
	at org.springframework.boot.web.servlet.context.ServletWebServerApplicationContext.refresh(ServletWebServerApplicationContext.java:146) ~[spring-boot-3.2.4.jar!/:3.2.4]
	at org.springframework.boot.SpringApplication.refresh(SpringApplication.java:754) ~[spring-boot-3.2.4.jar!/:3.2.4]
	at org.springframework.boot.SpringApplication.refreshContext(SpringApplication.java:456) ~[spring-boot-3.2.4.jar!/:3.2.4]
	at org.springframework.boot.SpringApplication.run(SpringApplication.java:334) ~[spring-boot-3.2.4.jar!/:3.2.4]
	at org.springframework.boot.SpringApplication.run(SpringApplication.java:1354) ~[spring-boot-3.2.4.jar!/:3.2.4]
	at org.springframework.boot.SpringApplication.run(SpringApplication.java:1343) ~[spring-boot-3.2.4.jar!/:3.2.4]
	at org.omnione.did.TasApplication.main(TasApplication.java:31) ~[!/:1.0.0]
	at java.base/jdk.internal.reflect.NativeMethodAccessorImpl.invoke0(Native Method) ~[na:na]
	at java.base/jdk.internal.reflect.NativeMethodAccessorImpl.invoke(NativeMethodAccessorImpl.java:77) ~[na:na]
	at java.base/jdk.internal.reflect.DelegatingMethodAccessorImpl.invoke(DelegatingMethodAccessorImpl.java:43) ~[na:na]
	at java.base/java.lang.reflect.Method.invoke(Method.java:569) ~[na:na]
	at org.springframework.boot.loader.launch.Launcher.launch(Launcher.java:91) ~[did-ta-server-1.0.0.jar:1.0.0]
	at org.springframework.boot.loader.launch.Launcher.launch(Launcher.java:53) ~[did-ta-server-1.0.0.jar:1.0.0]
	at org.springframework.boot.loader.launch.JarLauncher.main(JarLauncher.java:58) ~[did-ta-server-1.0.0.jar:1.0.0]
Caused by: org.springframework.beans.factory.UnsatisfiedDependencyException: Error creating bean with name 'listService' defined in URL [jar:nested:/Users/sjkim/project/did-orchestrator-server/jars/TAS/did-ta-server-1.0.0.jar/!BOOT-INF/classes/!/org/omnione/did/list/v1/service/ListService.class]: Unsatisfied dependency expressed through constructor parameter 0: Error creating bean with name 'fileLoaderService': Invocation of init method failed
	at org.springframework.beans.factory.support.ConstructorResolver.createArgumentArray(ConstructorResolver.java:795) ~[spring-beans-6.1.5.jar!/:6.1.5]
	at org.springframework.beans.factory.support.ConstructorResolver.autowireConstructor(ConstructorResolver.java:237) ~[spring-beans-6.1.5.jar!/:6.1.5]
	at org.springframework.beans.factory.support.AbstractAutowireCapableBeanFactory.autowireConstructor(AbstractAutowireCapableBeanFactory.java:1355) ~[spring-beans-6.1.5.jar!/:6.1.5]
	at org.springframework.beans.factory.support.AbstractAutowireCapableBeanFactory.createBeanInstance(AbstractAutowireCapableBeanFactory.java:1192) ~[spring-beans-6.1.5.jar!/:6.1.5]
	at org.springframework.beans.factory.support.AbstractAutowireCapableBeanFactory.doCreateBean(AbstractAutowireCapableBeanFactory.java:562) ~[spring-beans-6.1.5.jar!/:6.1.5]
	at org.springframework.beans.factory.support.AbstractAutowireCapableBeanFactory.createBean(AbstractAutowireCapableBeanFactory.java:522) ~[spring-beans-6.1.5.jar!/:6.1.5]
	at org.springframework.beans.factory.support.AbstractBeanFactory.lambda$doGetBean$0(AbstractBeanFactory.java:326) ~[spring-beans-6.1.5.jar!/:6.1.5]
	at org.springframework.beans.factory.support.DefaultSingletonBeanRegistry.getSingleton(DefaultSingletonBeanRegistry.java:234) ~[spring-beans-6.1.5.jar!/:6.1.5]
	at org.springframework.beans.factory.support.AbstractBeanFactory.doGetBean(AbstractBeanFactory.java:324) ~[spring-beans-6.1.5.jar!/:6.1.5]
	at org.springframework.beans.factory.support.AbstractBeanFactory.getBean(AbstractBeanFactory.java:200) ~[spring-beans-6.1.5.jar!/:6.1.5]
	at org.springframework.beans.factory.config.DependencyDescriptor.resolveCandidate(DependencyDescriptor.java:254) ~[spring-beans-6.1.5.jar!/:6.1.5]
	at org.springframework.beans.factory.support.DefaultListableBeanFactory.doResolveDependency(DefaultListableBeanFactory.java:1443) ~[spring-beans-6.1.5.jar!/:6.1.5]
	at org.springframework.beans.factory.support.DefaultListableBeanFactory.resolveDependency(DefaultListableBeanFactory.java:1353) ~[spring-beans-6.1.5.jar!/:6.1.5]
	at org.springframework.beans.factory.support.ConstructorResolver.resolveAutowiredArgument(ConstructorResolver.java:904) ~[spring-beans-6.1.5.jar!/:6.1.5]
	at org.springframework.beans.factory.support.ConstructorResolver.createArgumentArray(ConstructorResolver.java:782) ~[spring-beans-6.1.5.jar!/:6.1.5]
	... 26 common frames omitted
Caused by: org.springframework.beans.factory.BeanCreationException: Error creating bean with name 'fileLoaderService': Invocation of init method failed
	at org.springframework.beans.factory.annotation.InitDestroyAnnotationBeanPostProcessor.postProcessBeforeInitialization(InitDestroyAnnotationBeanPostProcessor.java:222) ~[spring-beans-6.1.5.jar!/:6.1.5]
	at org.springframework.beans.factory.support.AbstractAutowireCapableBeanFactory.applyBeanPostProcessorsBeforeInitialization(AbstractAutowireCapableBeanFactory.java:422) ~[spring-beans-6.1.5.jar!/:6.1.5]
	at org.springframework.beans.factory.support.AbstractAutowireCapableBeanFactory.initializeBean(AbstractAutowireCapableBeanFactory.java:1778) ~[spring-beans-6.1.5.jar!/:6.1.5]
	at org.springframework.beans.factory.support.AbstractAutowireCapableBeanFactory.doCreateBean(AbstractAutowireCapableBeanFactory.java:600) ~[spring-beans-6.1.5.jar!/:6.1.5]
	at org.springframework.beans.factory.support.AbstractAutowireCapableBeanFactory.createBean(AbstractAutowireCapableBeanFactory.java:522) ~[spring-beans-6.1.5.jar!/:6.1.5]
	at org.springframework.beans.factory.support.AbstractBeanFactory.lambda$doGetBean$0(AbstractBeanFactory.java:326) ~[spring-beans-6.1.5.jar!/:6.1.5]
	at org.springframework.beans.factory.support.DefaultSingletonBeanRegistry.getSingleton(DefaultSingletonBeanRegistry.java:234) ~[spring-beans-6.1.5.jar!/:6.1.5]
	at org.springframework.beans.factory.support.AbstractBeanFactory.doGetBean(AbstractBeanFactory.java:324) ~[spring-beans-6.1.5.jar!/:6.1.5]
	at org.springframework.beans.factory.support.AbstractBeanFactory.getBean(AbstractBeanFactory.java:200) ~[spring-beans-6.1.5.jar!/:6.1.5]
	at org.springframework.beans.factory.config.DependencyDescriptor.resolveCandidate(DependencyDescriptor.java:254) ~[spring-beans-6.1.5.jar!/:6.1.5]
	at org.springframework.beans.factory.support.DefaultListableBeanFactory.doResolveDependency(DefaultListableBeanFactory.java:1443) ~[spring-beans-6.1.5.jar!/:6.1.5]
	at org.springframework.beans.factory.support.DefaultListableBeanFactory.resolveDependency(DefaultListableBeanFactory.java:1353) ~[spring-beans-6.1.5.jar!/:6.1.5]
	at org.springframework.beans.factory.support.ConstructorResolver.resolveAutowiredArgument(ConstructorResolver.java:904) ~[spring-beans-6.1.5.jar!/:6.1.5]
	at org.springframework.beans.factory.support.ConstructorResolver.createArgumentArray(ConstructorResolver.java:782) ~[spring-beans-6.1.5.jar!/:6.1.5]
	... 40 common frames omitted
Caused by: java.nio.file.NoSuchFileException: did-ta-server/sample/data
	at java.base/sun.nio.fs.UnixException.translateToIOException(UnixException.java:92) ~[na:na]
	at java.base/sun.nio.fs.UnixException.rethrowAsIOException(UnixException.java:106) ~[na:na]
	at java.base/sun.nio.fs.UnixException.rethrowAsIOException(UnixException.java:111) ~[na:na]
	at java.base/sun.nio.fs.UnixFileAttributeViews$Basic.readAttributes(UnixFileAttributeViews.java:55) ~[na:na]
	at java.base/sun.nio.fs.UnixFileSystemProvider.readAttributes(UnixFileSystemProvider.java:148) ~[na:na]
	at java.base/java.nio.file.Files.readAttributes(Files.java:1851) ~[na:na]
	at java.base/java.nio.file.FileTreeWalker.getAttributes(FileTreeWalker.java:220) ~[na:na]
	at java.base/java.nio.file.FileTreeWalker.visit(FileTreeWalker.java:277) ~[na:na]
	at java.base/java.nio.file.FileTreeWalker.walk(FileTreeWalker.java:323) ~[na:na]
	at java.base/java.nio.file.Files.walkFileTree(Files.java:2804) ~[na:na]
	at java.base/java.nio.file.Files.walkFileTree(Files.java:2882) ~[na:na]
	at org.omnione.did.tas.v1.service.FileLoaderService.loadFiles(FileLoaderService.java:63) ~[!/:1.0.0]
	at java.base/jdk.internal.reflect.NativeMethodAccessorImpl.invoke0(Native Method) ~[na:na]
	at java.base/jdk.internal.reflect.NativeMethodAccessorImpl.invoke(NativeMethodAccessorImpl.java:77) ~[na:na]
	at java.base/jdk.internal.reflect.DelegatingMethodAccessorImpl.invoke(DelegatingMethodAccessorImpl.java:43) ~[na:na]
	at java.base/java.lang.reflect.Method.invoke(Method.java:569) ~[na:na]
	at org.springframework.beans.factory.annotation.InitDestroyAnnotationBeanPostProcessor$LifecycleMethod.invoke(InitDestroyAnnotationBeanPostProcessor.java:457) ~[spring-beans-6.1.5.jar!/:6.1.5]
	at org.springframework.beans.factory.annotation.InitDestroyAnnotationBeanPostProcessor$LifecycleMetadata.invokeInitMethods(InitDestroyAnnotationBeanPostProcessor.java:401) ~[spring-beans-6.1.5.jar!/:6.1.5]
	at org.springframework.beans.factory.annotation.InitDestroyAnnotationBeanPostProcessor.postProcessBeforeInitialization(InitDestroyAnnotationBeanPostProcessor.java:219) ~[spring-beans-6.1.5.jar!/:6.1.5]
	... 53 common frames omitted

