Standard Commons Logging discovery in action with spring-jcl: please remove commons-logging.jar from classpath in order to avoid potential conflicts

  .   ____          _            __ _ _
 /\\ / ___'_ __ _ _(_)_ __  __ _ \ \ \ \
( ( )\___ | '_ | '_| | '_ \/ _` | \ \ \ \
 \\/  ___)| |_)| | | | | || (_| |  ) ) ) )
  '  |____| .__|_| |_|_| |_\__, | / / / /
 =========|_|==============|___/=/_/_/_/
 :: Spring Boot ::                (v3.2.4)

2025-02-21T08:45:33.030+09:00  INFO 9521 --- [API Gateway] [           main] org.omnione.did.ApiGatewayApplication    : Starting ApiGatewayApplication v1.0.0 using Java 17.0.13 with PID 9521 (/Users/sjkim/project/did-orchestrator-server/jars/API/did-api-server-1.0.0.jar started by sjkim in /Users/sjkim/project/did-orchestrator-server/jars)
2025-02-21T08:45:33.033+09:00 DEBUG 9521 --- [API Gateway] [           main] org.omnione.did.ApiGatewayApplication    : Running with Spring Boot v3.2.4, Spring v6.1.5
2025-02-21T08:45:33.033+09:00  INFO 9521 --- [API Gateway] [           main] org.omnione.did.ApiGatewayApplication    : No active profile set, falling back to 3 default profiles: "dev", "logging", "spring-docs"
2025-02-21T08:45:33.951+09:00  INFO 9521 --- [API Gateway] [           main] o.s.cloud.context.scope.GenericScope     : BeanFactory id=f3cb9b7b-40c1-3fd2-a807-3556ede4d2f8
2025-02-21T08:45:34.434+09:00  INFO 9521 --- [API Gateway] [           main] o.s.b.w.embedded.tomcat.TomcatWebServer  : Tomcat initialized with port 8093 (http)
2025-02-21T08:45:34.442+09:00  INFO 9521 --- [API Gateway] [           main] o.apache.catalina.core.StandardService   : Starting service [Tomcat]
2025-02-21T08:45:34.443+09:00  INFO 9521 --- [API Gateway] [           main] o.apache.catalina.core.StandardEngine    : Starting Servlet engine: [Apache Tomcat/10.1.19]
2025-02-21T08:45:34.467+09:00  INFO 9521 --- [API Gateway] [           main] o.a.c.c.C.[Tomcat].[localhost].[/]       : Initializing Spring embedded WebApplicationContext
2025-02-21T08:45:34.467+09:00  INFO 9521 --- [API Gateway] [           main] w.s.c.ServletWebServerApplicationContext : Root WebApplicationContext: initialization completed in 1367 ms
Standard Commons Logging discovery in action with spring-jcl: please remove commons-logging.jar from classpath in order to avoid potential conflicts
2025-02-21T08:45:34.780+09:00  INFO 9521 --- [API Gateway] [           main] o.s.b.a.e.web.EndpointLinksResolver      : Exposing 3 endpoint(s) beneath base path '/actuator'
2025-02-21T08:45:34.829+09:00  WARN 9521 --- [API Gateway] [           main] .s.s.UserDetailsServiceAutoConfiguration : 

Using generated security password: d7d3db7c-1db9-4a38-b0c9-1a42489c72eb

This generated password is for development use only. Your security configuration must be updated before running your application in production.

2025-02-21T08:45:35.014+09:00  INFO 9521 --- [API Gateway] [           main] o.s.s.web.DefaultSecurityFilterChain     : Will secure any request with [org.springframework.security.web.session.DisableEncodeUrlFilter@30a62a5b, org.springframework.security.web.context.request.async.WebAsyncManagerIntegrationFilter@41a8f0d8, org.springframework.security.web.context.SecurityContextHolderFilter@32e7b78d, org.springframework.security.web.header.HeaderWriterFilter@79c1ccf7, org.springframework.web.filter.CorsFilter@30133a11, org.springframework.security.web.savedrequest.RequestCacheAwareFilter@2ec92631, org.springframework.security.web.servletapi.SecurityContextHolderAwareRequestFilter@294ebe11, org.springframework.security.web.authentication.AnonymousAuthenticationFilter@2168def, org.springframework.security.web.access.ExceptionTranslationFilter@43294e9b, org.springframework.security.web.access.intercept.AuthorizationFilter@ca10069]
2025-02-21T08:45:35.318+09:00  INFO 9521 --- [API Gateway] [           main] o.s.b.w.embedded.tomcat.TomcatWebServer  : Tomcat started on port 8093 (http) with context path ''
2025-02-21T08:45:35.330+09:00  INFO 9521 --- [API Gateway] [           main] org.omnione.did.ApiGatewayApplication    : Started ApiGatewayApplication in 2.736 seconds (process running for 3.109)
2025-02-21T08:45:36.325+09:00  INFO 9521 --- [API Gateway] [nio-8093-exec-1] o.a.c.c.C.[Tomcat].[localhost].[/]       : Initializing Spring DispatcherServlet 'dispatcherServlet'
2025-02-21T08:45:36.325+09:00  INFO 9521 --- [API Gateway] [nio-8093-exec-1] o.s.web.servlet.DispatcherServlet        : Initializing Servlet 'dispatcherServlet'
2025-02-21T08:45:36.326+09:00  INFO 9521 --- [API Gateway] [nio-8093-exec-1] o.s.web.servlet.DispatcherServlet        : Completed initialization in 1 ms
